<?xml version="1.0" encoding="UTF-8"?>
<!-- Generated by org.testng.reporters.JUnitReportReporter -->
<testsuite skipped="0" hostname="TYSS-4F-086" name="Script.TC_02" tests="1" failures="0" timestamp="30 Oct 2017 07:34:55 GMT" time="41.522" errors="0">
  <testcase name="testtc_02" time="41.522" classname="Script.TC_02"/>
</testsuite> <!-- Script.TC_02 -->
