<?xml version="1.0" encoding="UTF-8"?>
<!-- Generated by org.testng.reporters.JUnitReportReporter -->
<testsuite skipped="0" hostname="TYSS-4F-086" name="Script.TC_09" tests="1" failures="0" timestamp="30 Oct 2017 07:48:56 GMT" time="30.101" errors="0">
  <testcase name="accessoriestest" time="30.101" classname="Script.TC_09"/>
</testsuite> <!-- Script.TC_09 -->
