<?xml version="1.0" encoding="UTF-8"?>
<!-- Generated by org.testng.reporters.JUnitReportReporter -->
<testsuite skipped="0" hostname="TYSS-4F-086" name="Script.VerifyHomeDownOptions" tests="1" failures="0" timestamp="30 Oct 2017 07:47:22 GMT" time="13.254" errors="0">
  <testcase name="ContactusTest" time="13.254" classname="Script.VerifyHomeDownOptions"/>
</testsuite> <!-- Script.VerifyHomeDownOptions -->
