<?xml version="1.0" encoding="UTF-8"?>
<!-- Generated by org.testng.reporters.JUnitReportReporter -->
<testsuite skipped="0" hostname="TYSS-4F-086" name="Script.SameProductAddedToCart" tests="1" failures="0" timestamp="03 Nov 2017 05:58:56 GMT" time="43.525" errors="0">
  <testcase name="testSameProductAddedToCart" time="43.525" classname="Script.SameProductAddedToCart"/>
</testsuite> <!-- Script.SameProductAddedToCart -->
