<?xml version="1.0" encoding="UTF-8"?>
<!-- Generated by org.testng.reporters.JUnitReportReporter -->
<testsuite skipped="0" hostname="TYSS-4F-086" name="Script.VerifyEmptyCart" tests="1" failures="0" timestamp="30 Oct 2017 07:33:46 GMT" time="18.285" errors="0">
  <testcase name="testVerifyEmptyCart" time="18.285" classname="Script.VerifyEmptyCart"/>
</testsuite> <!-- Script.VerifyEmptyCart -->
