<?xml version="1.0" encoding="UTF-8"?>
<!-- Generated by org.testng.reporters.JUnitReportReporter -->
<testsuite skipped="0" hostname="TYSS-4F-086" name="Script.CompareQuickProduct" tests="1" failures="0" timestamp="03 Nov 2017 05:38:17 GMT" time="49.932" errors="0">
  <testcase name="testCompareQuickProduct" time="49.932" classname="Script.CompareQuickProduct"/>
</testsuite> <!-- Script.CompareQuickProduct -->
