<?xml version="1.0" encoding="UTF-8"?>
<!-- Generated by org.testng.reporters.JUnitReportReporter -->
<testsuite skipped="0" hostname="TYSS-4F-086" name="Script.TC_03" tests="1" failures="0" timestamp="30 Oct 2017 07:38:40 GMT" time="30.471" errors="0">
  <testcase name="testtc_03" time="30.471" classname="Script.TC_03"/>
</testsuite> <!-- Script.TC_03 -->
