<?xml version="1.0" encoding="UTF-8"?>
<!-- Generated by org.testng.reporters.JUnitReportReporter -->
<testsuite skipped="0" hostname="TYSS-4F-086" name="Script.AutoSuggestionsInSearch" tests="1" failures="0" timestamp="30 Oct 2017 11:44:50 GMT" time="9.456" errors="0">
  <testcase name="testAutoSuggestionsInSearch" time="9.456" classname="Script.AutoSuggestionsInSearch"/>
</testsuite> <!-- Script.AutoSuggestionsInSearch -->
