<?xml version="1.0" encoding="UTF-8"?>
<!-- Generated by org.testng.reporters.JUnitReportReporter -->
<testsuite skipped="0" hostname="TYSS-4F-086" name="Script.TC_05" tests="1" failures="0" timestamp="30 Oct 2017 07:41:43 GMT" time="9.597" errors="0">
  <testcase name="testtc_05" time="9.597" classname="Script.TC_05"/>
</testsuite> <!-- Script.TC_05 -->
