<?xml version="1.0" encoding="UTF-8"?>
<!-- Generated by org.testng.reporters.JUnitReportReporter -->
<testsuite skipped="0" hostname="TYSS-4F-086" name="Script.CrsftsvillaModule" tests="1" failures="0" timestamp="26 Oct 2017 12:01:13 GMT" time="22.051" errors="0">
  <testcase name="testCrsftsvillaModule" time="22.051" classname="Script.CrsftsvillaModule"/>
</testsuite> <!-- Script.CrsftsvillaModule -->
