<?xml version="1.0" encoding="UTF-8"?>
<!-- Generated by org.testng.reporters.JUnitReportReporter -->
<testsuite skipped="0" hostname="TYSS-4F-086" name="Script.Pricedropdown" tests="1" failures="0" timestamp="24 Oct 2017 11:02:10 GMT" time="40.180" errors="0">
  <testcase name="testPricedropdown" time="40.180" classname="Script.Pricedropdown"/>
</testsuite> <!-- Script.Pricedropdown -->
