<?xml version="1.0" encoding="UTF-8"?>
<!-- Generated by org.testng.reporters.JUnitReportReporter -->
<testsuite skipped="0" hostname="TYSS-4F-086" name="Script.ProductSelectNavigateMainFeature" tests="1" failures="0" timestamp="31 Oct 2017 06:17:10 GMT" time="45.855" errors="0">
  <testcase name="accessoriestest" time="45.855" classname="Script.ProductSelectNavigateMainFeature"/>
</testsuite> <!-- Script.ProductSelectNavigateMainFeature -->
