<?xml version="1.0" encoding="UTF-8"?>
<!-- Generated by org.testng.reporters.JUnitReportReporter -->
<testsuite skipped="0" hostname="TYSS-4F-086" name="Script.CraftsVillaSareeNavigation" tests="1" failures="0" timestamp="03 Nov 2017 05:42:37 GMT" time="53.892" errors="0">
  <testcase name="testCraftsVillaSareeNavigation" time="53.892" classname="Script.CraftsVillaSareeNavigation"/>
</testsuite> <!-- Script.CraftsVillaSareeNavigation -->
