<?xml version="1.0" encoding="UTF-8"?>
<!-- Generated by org.testng.reporters.JUnitReportReporter -->
<testsuite skipped="0" hostname="TYSS-4F-086" name="Script.PoliciesInfoVerify" tests="1" failures="0" timestamp="30 Oct 2017 07:20:11 GMT" time="14.075" errors="0">
  <testcase name="testPoliciesInfoVerify" time="14.075" classname="Script.PoliciesInfoVerify"/>
</testsuite> <!-- Script.PoliciesInfoVerify -->
