<?xml version="1.0" encoding="UTF-8"?>
<!-- Generated by org.testng.reporters.JUnitReportReporter -->
<testsuite skipped="0" hostname="TYSS-4F-086" name="Script.AddRemoveProductCart" tests="1" failures="0" timestamp="03 Nov 2017 05:31:17 GMT" time="41.837" errors="0">
  <testcase name="testAddRemoveProductCart" time="41.837" classname="Script.AddRemoveProductCart"/>
</testsuite> <!-- Script.AddRemoveProductCart -->
