<?xml version="1.0" encoding="UTF-8"?>
<!-- Generated by org.testng.reporters.JUnitReportReporter -->
<testsuite skipped="0" hostname="TYSS-4F-086" name="Script.Contactus" tests="1" failures="0" timestamp="28 Oct 2017 06:12:06 GMT" time="11.902" errors="0">
  <testcase name="ContactusTest" time="11.902" classname="Script.Contactus"/>
</testsuite> <!-- Script.Contactus -->
