<?xml version="1.0" encoding="UTF-8"?>
<!-- Generated by org.testng.reporters.JUnitReportReporter -->
<testsuite skipped="0" hostname="TYSS-4F-086" name="Script.VerifyPageNumWithNext" tests="1" failures="0" timestamp="31 Oct 2017 05:48:26 GMT" time="58.369" errors="0">
  <testcase name="testVerifyPageNumWithNext" time="58.369" classname="Script.VerifyPageNumWithNext"/>
</testsuite> <!-- Script.VerifyPageNumWithNext -->
