<?xml version="1.0" encoding="UTF-8"?>
<!-- Generated by org.testng.reporters.JUnitReportReporter -->
<testsuite skipped="0" hostname="TYSS-4F-086" name="Script.TC_11" tests="1" failures="0" timestamp="30 Oct 2017 07:51:17 GMT" time="16.630" errors="0">
  <testcase name="testTC_11" time="16.630" classname="Script.TC_11"/>
</testsuite> <!-- Script.TC_11 -->
