<?xml version="1.0" encoding="UTF-8"?>
<!-- Generated by org.testng.reporters.JUnitReportReporter -->
<testsuite skipped="0" hostname="TYSS-4F-086" name="Script.TC_07" tests="1" failures="0" timestamp="30 Oct 2017 07:44:23 GMT" time="27.931" errors="0">
  <testcase name="testCrsftsvillaModule" time="27.931" classname="Script.TC_07"/>
</testsuite> <!-- Script.TC_07 -->
