<?xml version="1.0" encoding="UTF-8"?>
<!-- Generated by org.testng.reporters.JUnitReportReporter -->
<testsuite skipped="0" hostname="TYSS-4F-086" name="Script.TC_08" tests="1" failures="0" timestamp="30 Oct 2017 07:45:27 GMT" time="15.991" errors="0">
  <testcase name="ContactusTest" time="15.991" classname="Script.TC_08"/>
</testsuite> <!-- Script.TC_08 -->
