<?xml version="1.0" encoding="UTF-8"?>
<!-- Generated by org.testng.reporters.JUnitReportReporter -->
<testsuite skipped="0" hostname="TYSS-4F-086" name="Script.TC_10" tests="1" failures="0" timestamp="30 Oct 2017 07:50:04 GMT" time="10.901" errors="0">
  <testcase name="testTC_10" time="10.901" classname="Script.TC_10"/>
</testsuite> <!-- Script.TC_10 -->
