<?xml version="1.0" encoding="UTF-8"?>
<!-- Generated by org.testng.reporters.JUnitReportReporter -->
<testsuite skipped="0" hostname="TYSS-4F-086" name="Script.Accessories" tests="1" failures="0" timestamp="26 Oct 2017 12:10:19 GMT" time="37.341" errors="0">
  <testcase name="accessoriestest" time="37.341" classname="Script.Accessories"/>
</testsuite> <!-- Script.Accessories -->
