<?xml version="1.0" encoding="UTF-8"?>
<!-- Generated by org.testng.reporters.JUnitReportReporter -->
<testsuite skipped="0" hostname="TYSS-4F-086" name="Script.SigninWishlistEdit" tests="1" failures="0" timestamp="31 Oct 2017 05:04:03 GMT" time="22.690" errors="0">
  <testcase name="testAutoSuggestionsInSearch" time="22.690" classname="Script.SigninWishlistEdit"/>
</testsuite> <!-- Script.SigninWishlistEdit -->
