<?xml version="1.0" encoding="UTF-8"?>
<!-- Generated by org.testng.reporters.JUnitReportReporter -->
<testsuite skipped="0" hostname="TYSS-4F-086" name="Script.CraftsTCVillaBrandsOptions" tests="1" failures="0" timestamp="03 Nov 2017 05:39:18 GMT" time="22.217" errors="0">
  <testcase name="testCraftsTCVillaBrandsOptions" time="22.217" classname="Script.CraftsTCVillaBrandsOptions"/>
</testsuite> <!-- Script.CraftsTCVillaBrandsOptions -->
