<?xml version="1.0" encoding="UTF-8"?>
<!-- Generated by org.testng.reporters.JUnitReportReporter -->
<testsuite skipped="0" hostname="TYSS-4F-086" name="Script.TC_06" tests="1" failures="0" timestamp="30 Oct 2017 07:42:41 GMT" time="15.850" errors="0">
  <testcase name="testtc_06" time="15.850" classname="Script.TC_06"/>
</testsuite> <!-- Script.TC_06 -->
