<?xml version="1.0" encoding="UTF-8"?>
<!-- Generated by org.testng.reporters.JUnitReportReporter -->
<testsuite skipped="0" hostname="TYSS-4F-086" name="Script.CompanylogoCorrectPage" tests="1" failures="0" timestamp="03 Nov 2017 05:34:44 GMT" time="21.623" errors="0">
  <testcase name="testCompanylogoCorrectPage" time="21.623" classname="Script.CompanylogoCorrectPage"/>
</testsuite> <!-- Script.CompanylogoCorrectPage -->
