<?xml version="1.0" encoding="UTF-8"?>
<!-- Generated by org.testng.reporters.JUnitReportReporter -->
<testsuite skipped="0" hostname="TYSS-4F-086" name="Script.SareepropageLTH" tests="1" failures="0" timestamp="03 Nov 2017 06:00:11 GMT" time="39.020" errors="0">
  <testcase name="testSareepropageLTH" time="39.020" classname="Script.SareepropageLTH"/>
</testsuite> <!-- Script.SareepropageLTH -->
