<?xml version="1.0" encoding="UTF-8"?>
<!-- Generated by org.testng.reporters.JUnitReportReporter -->
<testsuite skipped="0" hostname="TYSS-4F-086" name="Script.TC_01" tests="1" failures="0" timestamp="30 Oct 2017 07:30:26 GMT" time="19.402" errors="0">
  <testcase name="testtc_01" time="19.402" classname="Script.TC_01"/>
</testsuite> <!-- Script.TC_01 -->
