<?xml version="1.0" encoding="UTF-8"?>
<!-- Generated by org.testng.reporters.JUnitReportReporter -->
<testsuite skipped="0" hostname="TYSS-4F-086" name="Script.TC_04" tests="1" failures="0" timestamp="30 Oct 2017 07:40:14 GMT" time="10.200" errors="0">
  <testcase name="testtc_04" time="10.200" classname="Script.TC_04"/>
</testsuite> <!-- Script.TC_04 -->
